[debug] [2023-03-14T22:49:36.865Z] ----------------------------------------------------------------------
[debug] [2023-03-14T22:49:36.869Z] Command:       /usr/bin/node /usr/bin/firebase init
[debug] [2023-03-14T22:49:36.870Z] CLI Version:   11.24.1
[debug] [2023-03-14T22:49:36.870Z] Platform:      linux
[debug] [2023-03-14T22:49:36.870Z] Node Version:  v19.7.0
[debug] [2023-03-14T22:49:36.871Z] Time:          Wed Mar 15 2023 04:19:36 GMT+0530 (India Standard Time)
[debug] [2023-03-14T22:49:36.871Z] ----------------------------------------------------------------------
[debug] 
[debug] [2023-03-14T22:49:36.882Z] > command requires scopes: ["email","openid","https://www.googleapis.com/auth/cloudplatformprojects.readonly","https://www.googleapis.com/auth/firebase","https://www.googleapis.com/auth/cloud-platform"]
[debug] [2023-03-14T22:49:36.883Z] > authorizing via signed-in user (homeetute@gmail.com)
[info] 
     ######## #### ########  ######## ########     ###     ######  ########
     ##        ##  ##     ## ##       ##     ##  ##   ##  ##       ##
     ######    ##  ########  ######   ########  #########  ######  ######
     ##        ##  ##    ##  ##       ##     ## ##     ##       ## ##
     ##       #### ##     ## ######## ########  ##     ##  ######  ########

You're about to initialize a Firebase project in this directory:

  /home/vikas/My Development/hometute/hometute

[info] 
=== Project Setup
[info] 
[info] First, let's associate this project directory with a Firebase project.
[info] You can create multiple project aliases by running firebase use --add, 
[info] but for now we'll just set up a default project.
[info] 
[debug] [2023-03-14T22:49:52.977Z] >>> [apiv2][query] GET https://firebase.googleapis.com/v1beta1/projects pageSize=100
[debug] [2023-03-14T22:49:54.437Z] <<< [apiv2][status] GET https://firebase.googleapis.com/v1beta1/projects 200
[debug] [2023-03-14T22:49:54.437Z] <<< [apiv2][body] GET https://firebase.googleapis.com/v1beta1/projects [omitted]
[info] i  Using project tuter-380620 (tuter) 
[info] 
=== Hosting Setup
[info] 
[info] Your public directory is the folder (relative to your project directory) that
[info] will contain Hosting assets to be uploaded with firebase deploy. If you
[info] have a build process for your assets, use your build's output directory.
[info] 
[info] ✔  Wrote public/404.html 
[debug] [2023-03-14T22:50:22.468Z] >>> [apiv2][query] GET https://www.gstatic.com/firebasejs/releases.json [none]
[debug] [2023-03-14T22:50:22.908Z] <<< [apiv2][status] GET https://www.gstatic.com/firebasejs/releases.json 200
[debug] [2023-03-14T22:50:22.909Z] <<< [apiv2][body] GET https://www.gstatic.com/firebasejs/releases.json {"current":{"version":"9.17.2","browserURL":"https://www.gstatic.com/firebasejs/9.17.2/firebase.js","packageURL":"https://www.gstatic.com/firebasejs/9.17.2/firebase.tgz"},"live":{"version":"9.17","browserURL":"https://www.gstatic.com/firebasejs/live/9.17/firebase.js","packageURL":"https://www.gstatic.com/firebasejs/live/9.17/firebase.tgz"},"components":{"analytics":"https://www.gstatic.com/firebasejs/9.17.2/firebase-analytics.js","app":"https://www.gstatic.com/firebasejs/9.17.2/firebase-app.js","app-check":"https://www.gstatic.com/firebasejs/9.17.2/firebase-app-check.js","auth":"https://www.gstatic.com/firebasejs/9.17.2/firebase-auth.js","auth/cordova":"https://www.gstatic.com/firebasejs/9.17.2/firebase-auth/cordova.js","auth/react-native":"https://www.gstatic.com/firebasejs/9.17.2/firebase-auth/react-native.js","functions":"https://www.gstatic.com/firebasejs/9.17.2/firebase-functions.js","firestore":"https://www.gstatic.com/firebasejs/9.17.2/firebase-firestore.js","firestore/lite":"https://www.gstatic.com/firebasejs/9.17.2/firebase-firestore/lite.js","installations":"https://www.gstatic.com/firebasejs/9.17.2/firebase-installations.js","storage":"https://www.gstatic.com/firebasejs/9.17.2/firebase-storage.js","performance":"https://www.gstatic.com/firebasejs/9.17.2/firebase-performance.js","remote-config":"https://www.gstatic.com/firebasejs/9.17.2/firebase-remote-config.js","messaging":"https://www.gstatic.com/firebasejs/9.17.2/firebase-messaging.js","messaging/sw":"https://www.gstatic.com/firebasejs/9.17.2/firebase-messaging/sw.js","database":"https://www.gstatic.com/firebasejs/9.17.2/firebase-database.js","firestore.memory":"https://www.gstatic.com/firebasejs/9.17.2/firebase-firestore.memory.js"}}
[info] ✔  Wrote public/index.html 
[info] 
[info] i  Detected a .git folder at /home/vikas/My Development/hometute/hometute 
[info] i  Authorizing with GitHub to upload your service account to a GitHub repository's secrets store. 
[info] 
[info] Visit this URL on this device to log in:
[info] https://github.com/login/oauth/authorize?client_id=89cf50f02ac6aaed3484&state=262719598&redirect_uri=http%3A%2F%2Flocalhost%3A9005&scope=read%3Auser%20repo%20public_repo
[info] 
[info] Waiting for authentication...
[debug] [2023-03-14T22:50:39.244Z] >>> [apiv2][query] POST https://github.com/login/oauth/access_token [none]
[debug] [2023-03-14T22:50:39.245Z] >>> [apiv2][body] POST https://github.com/login/oauth/access_token [stream]
[debug] [2023-03-14T22:50:39.838Z] <<< [apiv2][status] POST https://github.com/login/oauth/access_token 200
[debug] [2023-03-14T22:50:39.838Z] <<< [apiv2][body] POST https://github.com/login/oauth/access_token {"access_token":"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","token_type":"bearer","scope":"read:user,repo"}
[debug] [2023-03-14T22:50:39.843Z] >>> [apiv2][query] GET https://api.github.com/user [none]
[debug] [2023-03-14T22:50:40.496Z] <<< [apiv2][status] GET https://api.github.com/user 200
[debug] [2023-03-14T22:50:40.498Z] <<< [apiv2][body] GET https://api.github.com/user {"login":"vikassharmanaini","id":81633101,"node_id":"MDQ6VXNlcjgxNjMzMTAx","avatar_url":"https://avatars.githubusercontent.com/u/81633101?v=4","gravatar_id":"","url":"https://api.github.com/users/vikassharmanaini","html_url":"https://github.com/vikassharmanaini","followers_url":"https://api.github.com/users/vikassharmanaini/followers","following_url":"https://api.github.com/users/vikassharmanaini/following{/other_user}","gists_url":"https://api.github.com/users/vikassharmanaini/gists{/gist_id}","starred_url":"https://api.github.com/users/vikassharmanaini/starred{/owner}{/repo}","subscriptions_url":"https://api.github.com/users/vikassharmanaini/subscriptions","organizations_url":"https://api.github.com/users/vikassharmanaini/orgs","repos_url":"https://api.github.com/users/vikassharmanaini/repos","events_url":"https://api.github.com/users/vikassharmanaini/events{/privacy}","received_events_url":"https://api.github.com/users/vikassharmanaini/received_events","type":"User","site_admin":false,"name":"Vikas Sharma","company":"Student","blog":"https://myshelf-vikas-sharma.w3spaces.com/","location":"Prayagraj,Uttar Pradesh,India","email":null,"hireable":true,"bio":"MEAN Stack Developer || Desktop Application Developer || Java Restful Web Service Developer.","twitter_username":null,"public_repos":31,"public_gists":0,"followers":1,"following":2,"created_at":"2021-03-30T14:02:16Z","updated_at":"2023-03-08T21:13:32Z","private_gists":1,"total_private_repos":9,"owned_private_repos":7,"disk_usage":119259,"collaborators":0,"two_factor_authentication":false,"plan":{"name":"free","space":976562499,"collaborators":0,"private_repos":10000}}
[info] 
[info] ✔  Success! Logged into GitHub as vikassharmanaini 
[info] 
